Flow report for st2soc
Thu Feb 25 17:06:54 2021
Quartus II 32-bit Version 12.0 Build 263 08/02/2012 Service Pack 2 SJ Web Edition


---------------------
; Table of Contents ;
---------------------
  1. Legal Notice
  2. Flow Summary
  3. Flow Settings
  4. Flow Non-Default Global Settings
  5. Flow Elapsed Time
  6. Flow OS Summary
  7. Flow Log



----------------
; Legal Notice ;
----------------
Copyright (C) 1991-2012 Altera Corporation
Your use of Altera Corporation's design tools, logic functions 
and other software and tools, and its AMPP partner logic 
functions, and any output files from any of the foregoing 
(including device programming or simulation files), and any 
associated documentation or information are expressly subject 
to the terms and conditions of the Altera Program License 
Subscription Agreement, Altera MegaCore Function License 
Agreement, or other applicable license agreement, including, 
without limitation, that your use is for the sole purpose of 
programming logic devices manufactured by Altera and sold by 
Altera or its authorized distributors.  Please refer to the 
applicable agreement for further details.



+------------------------------------------------------------------------------------+
; Flow Summary                                                                       ;
+------------------------------------+-----------------------------------------------+
; Flow Status                        ; Successful - Thu Feb 25 17:06:54 2021         ;
; Quartus II 32-bit Version          ; 12.0 Build 263 08/02/2012 SP 2 SJ Web Edition ;
; Revision Name                      ; st2soc                                        ;
; Top-level Entity Name              ; easy_charlcd                                  ;
; Family                             ; Cyclone II                                    ;
; Device                             ; EP2C50F672C8                                  ;
; Timing Models                      ; Final                                         ;
; Total logic elements               ; 173 / 50,528 ( < 1 % )                        ;
;     Total combinational functions  ; 173 / 50,528 ( < 1 % )                        ;
;     Dedicated logic registers      ; 54 / 50,528 ( < 1 % )                         ;
; Total registers                    ; 54                                            ;
; Total pins                         ; 13 / 450 ( 3 % )                              ;
; Total virtual pins                 ; 0                                             ;
; Total memory bits                  ; 0 / 594,432 ( 0 % )                           ;
; Embedded Multiplier 9-bit elements ; 0 / 172 ( 0 % )                               ;
; Total PLLs                         ; 0 / 4 ( 0 % )                                 ;
+------------------------------------+-----------------------------------------------+


+-----------------------------------------+
; Flow Settings                           ;
+-------------------+---------------------+
; Option            ; Setting             ;
+-------------------+---------------------+
; Start date & time ; 02/25/2021 17:06:25 ;
; Main task         ; Compilation         ;
; Revision Name     ; st2soc              ;
+-------------------+---------------------+


+------------------------------------------------------------------------------------------------------------------------------------------+
; Flow Non-Default Global Settings                                                                                                         ;
+--------------------------------------------+---------------------------------------+---------------+--------------+----------------------+
; Assignment Name                            ; Value                                 ; Default Value ; Entity Name  ; Section Id           ;
+--------------------------------------------+---------------------------------------+---------------+--------------+----------------------+
; COMPILER_SIGNATURE_ID                      ; 167690709834672.161424038406800       ; --            ; --           ; --                   ;
; EDA_INCLUDE_VHDL_CONFIGURATION_DECLARATION ; On                                    ; --            ; --           ; eda_simulation       ;
; EDA_INPUT_DATA_FORMAT                      ; Edif                                  ; --            ; --           ; eda_design_synthesis ;
; EDA_OUTPUT_DATA_FORMAT                     ; Verilog                               ; --            ; --           ; eda_simulation       ;
; EDA_SIMULATION_TOOL                        ; ModelSim (Verilog)                    ; <None>        ; --           ; --                   ;
; EDA_TIME_SCALE                             ; 1 ps                                  ; --            ; --           ; eda_simulation       ;
; PARTITION_COLOR                            ; 16764057                              ; --            ; easy_charlcd ; Top                  ;
; PARTITION_FITTER_PRESERVATION_LEVEL        ; PLACEMENT_AND_ROUTING                 ; --            ; easy_charlcd ; Top                  ;
; PARTITION_NETLIST_TYPE                     ; SOURCE                                ; --            ; easy_charlcd ; Top                  ;
; POWER_BOARD_THERMAL_MODEL                  ; None (CONSERVATIVE)                   ; --            ; --           ; --                   ;
; POWER_PRESET_COOLING_SOLUTION              ; 23 MM HEAT SINK WITH 200 LFPM AIRFLOW ; --            ; --           ; --                   ;
; TOP_LEVEL_ENTITY                           ; easy_charlcd                          ; st2soc        ; --           ; --                   ;
+--------------------------------------------+---------------------------------------+---------------+--------------+----------------------+


+-------------------------------------------------------------------------------------------------------------------------------+
; Flow Elapsed Time                                                                                                             ;
+---------------------------+--------------+-------------------------+---------------------+------------------------------------+
; Module Name               ; Elapsed Time ; Average Processors Used ; Peak Virtual Memory ; Total CPU Time (on all processors) ;
+---------------------------+--------------+-------------------------+---------------------+------------------------------------+
; Analysis & Synthesis      ; 00:00:02     ; 1.0                     ; 337 MB              ; 00:00:02                           ;
; Fitter                    ; 00:00:13     ; 1.0                     ; 508 MB              ; 00:00:14                           ;
; Assembler                 ; 00:00:04     ; 1.0                     ; 346 MB              ; 00:00:04                           ;
; TimeQuest Timing Analyzer ; 00:00:03     ; 1.0                     ; 361 MB              ; 00:00:02                           ;
; EDA Netlist Writer        ; 00:00:01     ; 1.0                     ; 308 MB              ; 00:00:01                           ;
; Total                     ; 00:00:23     ; --                      ; --                  ; 00:00:23                           ;
+---------------------------+--------------+-------------------------+---------------------+------------------------------------+


+----------------------------------------------------------------------------------------+
; Flow OS Summary                                                                        ;
+---------------------------+------------------+-----------+------------+----------------+
; Module Name               ; Machine Hostname ; OS Name   ; OS Version ; Processor type ;
+---------------------------+------------------+-----------+------------+----------------+
; Analysis & Synthesis      ; DESKTOP-FQMOJ3S  ; Windows 7 ; 6.2        ; x86_64         ;
; Fitter                    ; DESKTOP-FQMOJ3S  ; Windows 7 ; 6.2        ; x86_64         ;
; Assembler                 ; DESKTOP-FQMOJ3S  ; Windows 7 ; 6.2        ; x86_64         ;
; TimeQuest Timing Analyzer ; DESKTOP-FQMOJ3S  ; Windows 7 ; 6.2        ; x86_64         ;
; EDA Netlist Writer        ; DESKTOP-FQMOJ3S  ; Windows 7 ; 6.2        ; x86_64         ;
+---------------------------+------------------+-----------+------------+----------------+


------------
; Flow Log ;
------------
quartus_map --read_settings_files=on --write_settings_files=off st2soc -c st2soc
quartus_fit --read_settings_files=off --write_settings_files=off st2soc -c st2soc
quartus_asm --read_settings_files=off --write_settings_files=off st2soc -c st2soc
quartus_sta st2soc -c st2soc
quartus_eda --read_settings_files=off --write_settings_files=off st2soc -c st2soc



