Analysis & Synthesis report for st2soc
Thu Feb 25 17:06:27 2021
Quartus II 32-bit Version 12.0 Build 263 08/02/2012 Service Pack 2 SJ Web Edition


---------------------
; Table of Contents ;
---------------------
  1. Legal Notice
  2. Analysis & Synthesis Summary
  3. Analysis & Synthesis Settings
  4. Parallel Compilation
  5. Analysis & Synthesis Source Files Read
  6. Analysis & Synthesis Resource Usage Summary
  7. Analysis & Synthesis Resource Utilization by Entity
  8. State Machine - |easy_charlcd|lcd_mode
  9. User-Specified and Inferred Latches
 10. Registers Removed During Synthesis
 11. General Register Statistics
 12. Multiplexer Restructuring Statistics (Restructuring Performed)
 13. Elapsed Time Per Partition
 14. Analysis & Synthesis Messages



----------------
; Legal Notice ;
----------------
Copyright (C) 1991-2012 Altera Corporation
Your use of Altera Corporation's design tools, logic functions 
and other software and tools, and its AMPP partner logic 
functions, and any output files from any of the foregoing 
(including device programming or simulation files), and any 
associated documentation or information are expressly subject 
to the terms and conditions of the Altera Program License 
Subscription Agreement, Altera MegaCore Function License 
Agreement, or other applicable license agreement, including, 
without limitation, that your use is for the sole purpose of 
programming logic devices manufactured by Altera and sold by 
Altera or its authorized distributors.  Please refer to the 
applicable agreement for further details.



+------------------------------------------------------------------------------------+
; Analysis & Synthesis Summary                                                       ;
+------------------------------------+-----------------------------------------------+
; Analysis & Synthesis Status        ; Successful - Thu Feb 25 17:06:26 2021         ;
; Quartus II 32-bit Version          ; 12.0 Build 263 08/02/2012 SP 2 SJ Web Edition ;
; Revision Name                      ; st2soc                                        ;
; Top-level Entity Name              ; easy_charlcd                                  ;
; Family                             ; Cyclone II                                    ;
; Total logic elements               ; 173                                           ;
;     Total combinational functions  ; 173                                           ;
;     Dedicated logic registers      ; 54                                            ;
; Total registers                    ; 54                                            ;
; Total pins                         ; 13                                            ;
; Total virtual pins                 ; 0                                             ;
; Total memory bits                  ; 0                                             ;
; Embedded Multiplier 9-bit elements ; 0                                             ;
; Total PLLs                         ; 0                                             ;
+------------------------------------+-----------------------------------------------+


+----------------------------------------------------------------------------------------------------------------------+
; Analysis & Synthesis Settings                                                                                        ;
+----------------------------------------------------------------------------+--------------------+--------------------+
; Option                                                                     ; Setting            ; Default Value      ;
+----------------------------------------------------------------------------+--------------------+--------------------+
; Device                                                                     ; EP2C50F672C8       ;                    ;
; Top-level entity name                                                      ; easy_charlcd       ; st2soc             ;
; Family name                                                                ; Cyclone II         ; Stratix            ;
; Use smart compilation                                                      ; Off                ; Off                ;
; Maximum processors allowed for parallel compilation                        ; 1                  ; 1                  ;
; Enable parallel Assembler and TimeQuest Timing Analyzer during compilation ; On                 ; On                 ;
; Enable compact report table                                                ; Off                ; Off                ;
; Restructure Multiplexers                                                   ; Auto               ; Auto               ;
; Create Debugging Nodes for IP Cores                                        ; Off                ; Off                ;
; Preserve fewer node names                                                  ; On                 ; On                 ;
; Disable OpenCore Plus hardware evaluation                                  ; Off                ; Off                ;
; Verilog Version                                                            ; Verilog_2001       ; Verilog_2001       ;
; VHDL Version                                                               ; VHDL_1993          ; VHDL_1993          ;
; State Machine Processing                                                   ; Auto               ; Auto               ;
; Safe State Machine                                                         ; Off                ; Off                ;
; Extract Verilog State Machines                                             ; On                 ; On                 ;
; Extract VHDL State Machines                                                ; On                 ; On                 ;
; Ignore Verilog initial constructs                                          ; Off                ; Off                ;
; Iteration limit for constant Verilog loops                                 ; 5000               ; 5000               ;
; Iteration limit for non-constant Verilog loops                             ; 250                ; 250                ;
; Add Pass-Through Logic to Inferred RAMs                                    ; On                 ; On                 ;
; Infer RAMs from Raw Logic                                                  ; On                 ; On                 ;
; Parallel Synthesis                                                         ; On                 ; On                 ;
; DSP Block Balancing                                                        ; Auto               ; Auto               ;
; NOT Gate Push-Back                                                         ; On                 ; On                 ;
; Power-Up Don't Care                                                        ; On                 ; On                 ;
; Remove Redundant Logic Cells                                               ; Off                ; Off                ;
; Remove Duplicate Registers                                                 ; On                 ; On                 ;
; Ignore CARRY Buffers                                                       ; Off                ; Off                ;
; Ignore CASCADE Buffers                                                     ; Off                ; Off                ;
; Ignore GLOBAL Buffers                                                      ; Off                ; Off                ;
; Ignore ROW GLOBAL Buffers                                                  ; Off                ; Off                ;
; Ignore LCELL Buffers                                                       ; Off                ; Off                ;
; Ignore SOFT Buffers                                                        ; On                 ; On                 ;
; Limit AHDL Integers to 32 Bits                                             ; Off                ; Off                ;
; Optimization Technique                                                     ; Balanced           ; Balanced           ;
; Carry Chain Length                                                         ; 70                 ; 70                 ;
; Auto Carry Chains                                                          ; On                 ; On                 ;
; Auto Open-Drain Pins                                                       ; On                 ; On                 ;
; Perform WYSIWYG Primitive Resynthesis                                      ; Off                ; Off                ;
; Auto ROM Replacement                                                       ; On                 ; On                 ;
; Auto RAM Replacement                                                       ; On                 ; On                 ;
; Auto Shift Register Replacement                                            ; Auto               ; Auto               ;
; Allow Shift Register Merging across Hierarchies                            ; Auto               ; Auto               ;
; Auto Clock Enable Replacement                                              ; On                 ; On                 ;
; Strict RAM Replacement                                                     ; Off                ; Off                ;
; Allow Synchronous Control Signals                                          ; On                 ; On                 ;
; Force Use of Synchronous Clear Signals                                     ; Off                ; Off                ;
; Auto RAM to Logic Cell Conversion                                          ; Off                ; Off                ;
; Auto Resource Sharing                                                      ; Off                ; Off                ;
; Allow Any RAM Size For Recognition                                         ; Off                ; Off                ;
; Allow Any ROM Size For Recognition                                         ; Off                ; Off                ;
; Allow Any Shift Register Size For Recognition                              ; Off                ; Off                ;
; Use LogicLock Constraints during Resource Balancing                        ; On                 ; On                 ;
; Ignore translate_off and synthesis_off directives                          ; Off                ; Off                ;
; Timing-Driven Synthesis                                                    ; Off                ; Off                ;
; Report Parameter Settings                                                  ; On                 ; On                 ;
; Report Source Assignments                                                  ; On                 ; On                 ;
; Report Connectivity Checks                                                 ; On                 ; On                 ;
; Ignore Maximum Fan-Out Assignments                                         ; Off                ; Off                ;
; Synchronization Register Chain Length                                      ; 2                  ; 2                  ;
; PowerPlay Power Optimization                                               ; Normal compilation ; Normal compilation ;
; HDL message level                                                          ; Level2             ; Level2             ;
; Suppress Register Optimization Related Messages                            ; Off                ; Off                ;
; Number of Removed Registers Reported in Synthesis Report                   ; 100                ; 100                ;
; Number of Swept Nodes Reported in Synthesis Report                         ; 5000               ; 5000               ;
; Number of Inverted Registers Reported in Synthesis Report                  ; 100                ; 100                ;
; Clock MUX Protection                                                       ; On                 ; On                 ;
; Auto Gated Clock Conversion                                                ; Off                ; Off                ;
; Block Design Naming                                                        ; Auto               ; Auto               ;
; SDC constraint protection                                                  ; Off                ; Off                ;
; Synthesis Effort                                                           ; Auto               ; Auto               ;
; Shift Register Replacement - Allow Asynchronous Clear Signal               ; On                 ; On                 ;
; Analysis & Synthesis Message Level                                         ; Medium             ; Medium             ;
; Disable Register Merging Across Hierarchies                                ; Auto               ; Auto               ;
; Resource Aware Inference For Block RAM                                     ; On                 ; On                 ;
; Synthesis Seed                                                             ; 1                  ; 1                  ;
+----------------------------------------------------------------------------+--------------------+--------------------+


Parallel compilation was disabled, but you have multiple processors available. Enable parallel compilation to reduce compilation time.
+-------------------------------------+
; Parallel Compilation                ;
+----------------------------+--------+
; Processors                 ; Number ;
+----------------------------+--------+
; Number detected on machine ; 4      ;
; Maximum allowed            ; 1      ;
+----------------------------+--------+


+-----------------------------------------------------------------------------------------------------------------------------------------------------------------+
; Analysis & Synthesis Source Files Read                                                                                                                          ;
+----------------------------------+-----------------+------------------------+-------------------------------------------------------------------------+---------+
; File Name with User-Entered Path ; Used in Netlist ; File Type              ; File Name with Absolute Path                                            ; Library ;
+----------------------------------+-----------------+------------------------+-------------------------------------------------------------------------+---------+
; rtl/easy_charlcd.v               ; yes             ; User Verilog HDL File  ; C:/Users/yunwl/Desktop/Prac/e08_easy_charlcd_verilog/rtl/easy_charlcd.v ;         ;
+----------------------------------+-----------------+------------------------+-------------------------------------------------------------------------+---------+


+------------------------------------------------------+
; Analysis & Synthesis Resource Usage Summary          ;
+---------------------------------------------+--------+
; Resource                                    ; Usage  ;
+---------------------------------------------+--------+
; Estimated Total logic elements              ; 173    ;
;                                             ;        ;
; Total combinational functions               ; 173    ;
; Logic element usage by number of LUT inputs ;        ;
;     -- 4 input functions                    ; 101    ;
;     -- 3 input functions                    ; 15     ;
;     -- <=2 input functions                  ; 57     ;
;                                             ;        ;
; Logic elements by mode                      ;        ;
;     -- normal mode                          ; 135    ;
;     -- arithmetic mode                      ; 38     ;
;                                             ;        ;
; Total registers                             ; 54     ;
;     -- Dedicated logic registers            ; 54     ;
;     -- I/O registers                        ; 0      ;
;                                             ;        ;
; I/O pins                                    ; 13     ;
; Maximum fan-out node                        ; lcdclk ;
; Maximum fan-out                             ; 54     ;
; Total fan-out                               ; 761    ;
; Average fan-out                             ; 3.17   ;
+---------------------------------------------+--------+


+-----------------------------------------------------------------------------------------------------------------------------------------------------------------------------+
; Analysis & Synthesis Resource Utilization by Entity                                                                                                                         ;
+----------------------------+-------------------+--------------+-------------+--------------+---------+-----------+------+--------------+---------------------+--------------+
; Compilation Hierarchy Node ; LC Combinationals ; LC Registers ; Memory Bits ; DSP Elements ; DSP 9x9 ; DSP 18x18 ; Pins ; Virtual Pins ; Full Hierarchy Name ; Library Name ;
+----------------------------+-------------------+--------------+-------------+--------------+---------+-----------+------+--------------+---------------------+--------------+
; |easy_charlcd              ; 173 (173)         ; 54 (54)      ; 0           ; 0            ; 0       ; 0         ; 13   ; 0            ; |easy_charlcd       ;              ;
+----------------------------+-------------------+--------------+-------------+--------------+---------+-----------+------+--------------+---------------------+--------------+
Note: For table entries with two numbers listed, the numbers in parentheses indicate the number of resources of the given type used by the specific entity alone. The numbers listed outside of parentheses indicate the total resources of the given type used by the specific entity and all of its sub-entities in the hierarchy.


Encoding Type:  One-Hot
+---------------------------------------------------------------------------------------------------------------------------------------------------------------------------------------------------------------------------------------------+
; State Machine - |easy_charlcd|lcd_mode                                                                                                                                                                                                      ;
+----------------+----------------+----------------+----------------+----------------+----------------+----------------+----------------+----------------+----------------+----------------+----------------+----------------+----------------+
; Name           ; lcd_mode.01100 ; lcd_mode.01011 ; lcd_mode.01010 ; lcd_mode.01001 ; lcd_mode.01000 ; lcd_mode.00111 ; lcd_mode.00110 ; lcd_mode.00101 ; lcd_mode.00100 ; lcd_mode.00011 ; lcd_mode.00010 ; lcd_mode.00001 ; lcd_mode.00000 ;
+----------------+----------------+----------------+----------------+----------------+----------------+----------------+----------------+----------------+----------------+----------------+----------------+----------------+----------------+
; lcd_mode.00000 ; 0              ; 0              ; 0              ; 0              ; 0              ; 0              ; 0              ; 0              ; 0              ; 0              ; 0              ; 0              ; 0              ;
; lcd_mode.00001 ; 0              ; 0              ; 0              ; 0              ; 0              ; 0              ; 0              ; 0              ; 0              ; 0              ; 0              ; 1              ; 1              ;
; lcd_mode.00010 ; 0              ; 0              ; 0              ; 0              ; 0              ; 0              ; 0              ; 0              ; 0              ; 0              ; 1              ; 0              ; 1              ;
; lcd_mode.00011 ; 0              ; 0              ; 0              ; 0              ; 0              ; 0              ; 0              ; 0              ; 0              ; 1              ; 0              ; 0              ; 1              ;
; lcd_mode.00100 ; 0              ; 0              ; 0              ; 0              ; 0              ; 0              ; 0              ; 0              ; 1              ; 0              ; 0              ; 0              ; 1              ;
; lcd_mode.00101 ; 0              ; 0              ; 0              ; 0              ; 0              ; 0              ; 0              ; 1              ; 0              ; 0              ; 0              ; 0              ; 1              ;
; lcd_mode.00110 ; 0              ; 0              ; 0              ; 0              ; 0              ; 0              ; 1              ; 0              ; 0              ; 0              ; 0              ; 0              ; 1              ;
; lcd_mode.00111 ; 0              ; 0              ; 0              ; 0              ; 0              ; 1              ; 0              ; 0              ; 0              ; 0              ; 0              ; 0              ; 1              ;
; lcd_mode.01000 ; 0              ; 0              ; 0              ; 0              ; 1              ; 0              ; 0              ; 0              ; 0              ; 0              ; 0              ; 0              ; 1              ;
; lcd_mode.01001 ; 0              ; 0              ; 0              ; 1              ; 0              ; 0              ; 0              ; 0              ; 0              ; 0              ; 0              ; 0              ; 1              ;
; lcd_mode.01010 ; 0              ; 0              ; 1              ; 0              ; 0              ; 0              ; 0              ; 0              ; 0              ; 0              ; 0              ; 0              ; 1              ;
; lcd_mode.01011 ; 0              ; 1              ; 0              ; 0              ; 0              ; 0              ; 0              ; 0              ; 0              ; 0              ; 0              ; 0              ; 1              ;
; lcd_mode.01100 ; 1              ; 0              ; 0              ; 0              ; 0              ; 0              ; 0              ; 0              ; 0              ; 0              ; 0              ; 0              ; 1              ;
+----------------+----------------+----------------+----------------+----------------+----------------+----------------+----------------+----------------+----------------+----------------+----------------+----------------+----------------+


+---------------------------------------------------------------------------------------------------+
; User-Specified and Inferred Latches                                                               ;
+----------------------------------------------------+---------------------+------------------------+
; Latch Name                                         ; Latch Enable Signal ; Free of Timing Hazards ;
+----------------------------------------------------+---------------------+------------------------+
; set_data[9]                                        ; Selector13          ; yes                    ;
; set_data[0]                                        ; Selector35          ; yes                    ;
; set_data[1]                                        ; Selector35          ; yes                    ;
; set_data[2]                                        ; Selector35          ; yes                    ;
; set_data[3]                                        ; Selector35          ; yes                    ;
; set_data[4]                                        ; Selector35          ; yes                    ;
; set_data[5]                                        ; Selector35          ; yes                    ;
; set_data[6]                                        ; Selector35          ; yes                    ;
; set_data[7]                                        ; Selector35          ; yes                    ;
; Number of user-specified and inferred latches = 9  ;                     ;                        ;
+----------------------------------------------------+---------------------+------------------------+
Note: All latches listed above may not be present at the end of synthesis due to various synthesis optimizations.


+----------------------------------------------------------------------------------------------+
; Registers Removed During Synthesis                                                           ;
+-----------------------------------------------------+----------------------------------------+
; Register name                                       ; Reason for Removal                     ;
+-----------------------------------------------------+----------------------------------------+
; reg_h[0..4,6..8,10,11,15,17,19,20,23,24,27,31]      ; Stuck at GND due to stuck port data_in ;
; reg_g[1,2,4,7,8,10,11,15..17,19,20,23..28,30,31]    ; Stuck at GND due to stuck port data_in ;
; reg_f[0,1,3,7,10,11,15,17,19,20,23,24,26..28,31]    ; Stuck at GND due to stuck port data_in ;
; reg_e[0..4,6,7,9,11,12,15..18,20,23..25,27,31]      ; Stuck at GND due to stuck port data_in ;
; reg_d[0..4,6,7,10,11,15,17,18,20,23..28,30,31]      ; Stuck at GND due to stuck port data_in ;
; reg_c[0,4,7,9..12,15,19,23..26,28,31]               ; Stuck at GND due to stuck port data_in ;
; reg_b[0..4,6,7,9,10,12,13,15,16,18,20,23..28,30,31] ; Stuck at GND due to stuck port data_in ;
; reg_a[0,4,7,12,15,20,23,25,26,29,31]                ; Stuck at GND due to stuck port data_in ;
; reg_a[30]                                           ; Merged with reg_a[28]                  ;
; reg_a[28]                                           ; Merged with reg_a[27]                  ;
; reg_a[27]                                           ; Merged with reg_a[24]                  ;
; reg_a[24]                                           ; Merged with reg_a[22]                  ;
; reg_a[22]                                           ; Merged with reg_a[21]                  ;
; reg_a[21]                                           ; Merged with reg_a[19]                  ;
; reg_a[19]                                           ; Merged with reg_a[18]                  ;
; reg_a[18]                                           ; Merged with reg_a[17]                  ;
; reg_a[17]                                           ; Merged with reg_a[16]                  ;
; reg_a[16]                                           ; Merged with reg_a[14]                  ;
; reg_a[14]                                           ; Merged with reg_a[13]                  ;
; reg_a[13]                                           ; Merged with reg_a[11]                  ;
; reg_a[11]                                           ; Merged with reg_a[10]                  ;
; reg_a[10]                                           ; Merged with reg_a[9]                   ;
; reg_a[9]                                            ; Merged with reg_a[8]                   ;
; reg_a[8]                                            ; Merged with reg_a[6]                   ;
; reg_a[6]                                            ; Merged with reg_a[5]                   ;
; reg_a[5]                                            ; Merged with reg_a[3]                   ;
; reg_a[3]                                            ; Merged with reg_a[2]                   ;
; reg_a[2]                                            ; Merged with reg_a[1]                   ;
; reg_a[1]                                            ; Merged with reg_b[29]                  ;
; reg_b[29]                                           ; Merged with reg_b[22]                  ;
; reg_b[22]                                           ; Merged with reg_b[21]                  ;
; reg_b[21]                                           ; Merged with reg_b[19]                  ;
; reg_b[19]                                           ; Merged with reg_b[17]                  ;
; reg_b[17]                                           ; Merged with reg_b[14]                  ;
; reg_b[14]                                           ; Merged with reg_b[11]                  ;
; reg_b[11]                                           ; Merged with reg_b[8]                   ;
; reg_b[8]                                            ; Merged with reg_b[5]                   ;
; reg_b[5]                                            ; Merged with reg_c[30]                  ;
; reg_c[30]                                           ; Merged with reg_c[29]                  ;
; reg_c[29]                                           ; Merged with reg_c[27]                  ;
; reg_c[27]                                           ; Merged with reg_c[22]                  ;
; reg_c[22]                                           ; Merged with reg_c[21]                  ;
; reg_c[21]                                           ; Merged with reg_c[20]                  ;
; reg_c[20]                                           ; Merged with reg_c[18]                  ;
; reg_c[18]                                           ; Merged with reg_c[17]                  ;
; reg_c[17]                                           ; Merged with reg_c[16]                  ;
; reg_c[16]                                           ; Merged with reg_c[14]                  ;
; reg_c[14]                                           ; Merged with reg_c[13]                  ;
; reg_c[13]                                           ; Merged with reg_c[8]                   ;
; reg_c[8]                                            ; Merged with reg_c[6]                   ;
; reg_c[6]                                            ; Merged with reg_c[5]                   ;
; reg_c[5]                                            ; Merged with reg_c[3]                   ;
; reg_c[3]                                            ; Merged with reg_c[2]                   ;
; reg_c[2]                                            ; Merged with reg_c[1]                   ;
; reg_c[1]                                            ; Merged with reg_d[29]                  ;
; reg_d[29]                                           ; Merged with reg_d[22]                  ;
; reg_d[22]                                           ; Merged with reg_d[21]                  ;
; reg_d[21]                                           ; Merged with reg_d[19]                  ;
; reg_d[19]                                           ; Merged with reg_d[16]                  ;
; reg_d[16]                                           ; Merged with reg_d[14]                  ;
; reg_d[14]                                           ; Merged with reg_d[13]                  ;
; reg_d[13]                                           ; Merged with reg_d[12]                  ;
; reg_d[12]                                           ; Merged with reg_d[9]                   ;
; reg_d[9]                                            ; Merged with reg_d[8]                   ;
; reg_d[8]                                            ; Merged with reg_d[5]                   ;
; reg_d[5]                                            ; Merged with reg_e[30]                  ;
; reg_e[30]                                           ; Merged with reg_e[29]                  ;
; reg_e[29]                                           ; Merged with reg_e[28]                  ;
; reg_e[28]                                           ; Merged with reg_e[26]                  ;
; reg_e[26]                                           ; Merged with reg_e[22]                  ;
; reg_e[22]                                           ; Merged with reg_e[21]                  ;
; reg_e[21]                                           ; Merged with reg_e[19]                  ;
; reg_e[19]                                           ; Merged with reg_e[14]                  ;
; reg_e[14]                                           ; Merged with reg_e[13]                  ;
; reg_e[13]                                           ; Merged with reg_e[10]                  ;
; reg_e[10]                                           ; Merged with reg_e[8]                   ;
; reg_e[8]                                            ; Merged with reg_e[5]                   ;
; reg_e[5]                                            ; Merged with reg_f[30]                  ;
; reg_f[30]                                           ; Merged with reg_f[29]                  ;
; reg_f[29]                                           ; Merged with reg_f[25]                  ;
; reg_f[25]                                           ; Merged with reg_f[22]                  ;
; reg_f[22]                                           ; Merged with reg_f[21]                  ;
; reg_f[21]                                           ; Merged with reg_f[18]                  ;
; reg_f[18]                                           ; Merged with reg_f[16]                  ;
; reg_f[16]                                           ; Merged with reg_f[14]                  ;
; reg_f[14]                                           ; Merged with reg_f[13]                  ;
; reg_f[13]                                           ; Merged with reg_f[12]                  ;
; reg_f[12]                                           ; Merged with reg_f[9]                   ;
; reg_f[9]                                            ; Merged with reg_f[8]                   ;
; reg_f[8]                                            ; Merged with reg_f[6]                   ;
; reg_f[6]                                            ; Merged with reg_f[5]                   ;
; reg_f[5]                                            ; Merged with reg_f[4]                   ;
; reg_f[4]                                            ; Merged with reg_f[2]                   ;
; reg_f[2]                                            ; Merged with reg_g[29]                  ;
; reg_g[29]                                           ; Merged with reg_g[22]                  ;
; reg_g[22]                                           ; Merged with reg_g[21]                  ;
; reg_g[21]                                           ; Merged with reg_g[18]                  ;
; reg_g[18]                                           ; Merged with reg_g[14]                  ;
; reg_g[14]                                           ; Merged with reg_g[13]                  ;
; reg_g[13]                                           ; Merged with reg_g[12]                  ;
; Total Number of Removed Registers = 261             ;                                        ;
+-----------------------------------------------------+----------------------------------------+
* Table truncated at 100 items. To change the number of removed registers reported, set the "Number of Removed Registers Reported" option under Assignments->Settings->Analysis and Synthesis Settings->More Settings


+------------------------------------------------------+
; General Register Statistics                          ;
+----------------------------------------------+-------+
; Statistic                                    ; Value ;
+----------------------------------------------+-------+
; Total registers                              ; 54    ;
; Number of registers using Synchronous Clear  ; 36    ;
; Number of registers using Synchronous Load   ; 16    ;
; Number of registers using Asynchronous Clear ; 0     ;
; Number of registers using Asynchronous Load  ; 0     ;
; Number of registers using Clock Enable       ; 16    ;
; Number of registers using Preset             ; 0     ;
+----------------------------------------------+-------+


+-------------------------------------------------------------------------------------------------------------------------------------------------------------+
; Multiplexer Restructuring Statistics (Restructuring Performed)                                                                                              ;
+--------------------+-----------+---------------+----------------------+------------------------+-------------------------------+----------------------------+
; Multiplexer Inputs ; Bus Width ; Baseline Area ; Area if Restructured ; Saving if Restructured ; Registered                    ; Example Multiplexer Output ;
+--------------------+-----------+---------------+----------------------+------------------------+-------------------------------+----------------------------+
; 3:1                ; 24 bits   ; 48 LEs        ; 24 LEs               ; 24 LEs                 ; |easy_charlcd|delay_lcdclk[2] ;                            ;
; 4:1                ; 16 bits   ; 32 LEs        ; 32 LEs               ; 0 LEs                  ; |easy_charlcd|count_lcd[12]   ;                            ;
+--------------------+-----------+---------------+----------------------+------------------------+-------------------------------+----------------------------+


+-------------------------------+
; Elapsed Time Per Partition    ;
+----------------+--------------+
; Partition Name ; Elapsed Time ;
+----------------+--------------+
; Top            ; 00:00:00     ;
+----------------+--------------+


+-------------------------------+
; Analysis & Synthesis Messages ;
+-------------------------------+
Info: *******************************************************************
Info: Running Quartus II 32-bit Analysis & Synthesis
    Info: Version 12.0 Build 263 08/02/2012 Service Pack 2 SJ Web Edition
    Info: Processing started: Thu Feb 25 17:06:24 2021
Info: Command: quartus_map --read_settings_files=on --write_settings_files=off st2soc -c st2soc
Critical Warning (138069): Setting INCREMENTAL_COMPILATION to "OFF" is no longer supported. Assignment is ignored. To disable partitions, set the IGNORE_PARTITIONS global assignment to "ON" instead.
Info (12021): Found 1 design units, including 1 entities, in source file rtl/easy_charlcd.v
    Info (12023): Found entity 1: easy_charlcd
Info (12127): Elaborating entity "easy_charlcd" for the top level hierarchy
Warning (10036): Verilog HDL or VHDL warning at easy_charlcd.v(99): object "reg_i" assigned a value but never read
Warning (10036): Verilog HDL or VHDL warning at easy_charlcd.v(100): object "reg_j" assigned a value but never read
Warning (10230): Verilog HDL assignment warning at easy_charlcd.v(156): truncated value with size 32 to match size of target (24)
Warning (10230): Verilog HDL assignment warning at easy_charlcd.v(163): truncated value with size 32 to match size of target (16)
Warning (10235): Verilog HDL Always Construct warning at easy_charlcd.v(234): variable "resetn" is read inside the Always Construct but isn't in the Always Construct's Event Control
Warning (10235): Verilog HDL Always Construct warning at easy_charlcd.v(239): variable "mode_pwron" is read inside the Always Construct but isn't in the Always Construct's Event Control
Warning (10235): Verilog HDL Always Construct warning at easy_charlcd.v(240): variable "mode_fnset" is read inside the Always Construct but isn't in the Always Construct's Event Control
Warning (10235): Verilog HDL Always Construct warning at easy_charlcd.v(241): variable "mode_onoff" is read inside the Always Construct but isn't in the Always Construct's Event Control
Warning (10235): Verilog HDL Always Construct warning at easy_charlcd.v(242): variable "mode_entr1" is read inside the Always Construct but isn't in the Always Construct's Event Control
Warning (10235): Verilog HDL Always Construct warning at easy_charlcd.v(243): variable "mode_entr2" is read inside the Always Construct but isn't in the Always Construct's Event Control
Warning (10235): Verilog HDL Always Construct warning at easy_charlcd.v(244): variable "mode_entr3" is read inside the Always Construct but isn't in the Always Construct's Event Control
Warning (10235): Verilog HDL Always Construct warning at easy_charlcd.v(245): variable "mode_seta1" is read inside the Always Construct but isn't in the Always Construct's Event Control
Warning (10235): Verilog HDL Always Construct warning at easy_charlcd.v(246): variable "mode_wr1st" is read inside the Always Construct but isn't in the Always Construct's Event Control
Warning (10235): Verilog HDL Always Construct warning at easy_charlcd.v(249): variable "reg_a" is read inside the Always Construct but isn't in the Always Construct's Event Control
Warning (10235): Verilog HDL Always Construct warning at easy_charlcd.v(250): variable "reg_a" is read inside the Always Construct but isn't in the Always Construct's Event Control
Warning (10235): Verilog HDL Always Construct warning at easy_charlcd.v(251): variable "reg_a" is read inside the Always Construct but isn't in the Always Construct's Event Control
Warning (10235): Verilog HDL Always Construct warning at easy_charlcd.v(252): variable "reg_a" is read inside the Always Construct but isn't in the Always Construct's Event Control
Warning (10235): Verilog HDL Always Construct warning at easy_charlcd.v(253): variable "reg_b" is read inside the Always Construct but isn't in the Always Construct's Event Control
Warning (10235): Verilog HDL Always Construct warning at easy_charlcd.v(254): variable "reg_b" is read inside the Always Construct but isn't in the Always Construct's Event Control
Warning (10235): Verilog HDL Always Construct warning at easy_charlcd.v(255): variable "reg_b" is read inside the Always Construct but isn't in the Always Construct's Event Control
Warning (10235): Verilog HDL Always Construct warning at easy_charlcd.v(256): variable "reg_b" is read inside the Always Construct but isn't in the Always Construct's Event Control
Warning (10235): Verilog HDL Always Construct warning at easy_charlcd.v(257): variable "reg_c" is read inside the Always Construct but isn't in the Always Construct's Event Control
Warning (10235): Verilog HDL Always Construct warning at easy_charlcd.v(258): variable "reg_c" is read inside the Always Construct but isn't in the Always Construct's Event Control
Warning (10235): Verilog HDL Always Construct warning at easy_charlcd.v(259): variable "reg_c" is read inside the Always Construct but isn't in the Always Construct's Event Control
Warning (10235): Verilog HDL Always Construct warning at easy_charlcd.v(260): variable "reg_c" is read inside the Always Construct but isn't in the Always Construct's Event Control
Warning (10235): Verilog HDL Always Construct warning at easy_charlcd.v(261): variable "reg_d" is read inside the Always Construct but isn't in the Always Construct's Event Control
Warning (10235): Verilog HDL Always Construct warning at easy_charlcd.v(262): variable "reg_d" is read inside the Always Construct but isn't in the Always Construct's Event Control
Warning (10235): Verilog HDL Always Construct warning at easy_charlcd.v(263): variable "reg_d" is read inside the Always Construct but isn't in the Always Construct's Event Control
Warning (10235): Verilog HDL Always Construct warning at easy_charlcd.v(264): variable "reg_d" is read inside the Always Construct but isn't in the Always Construct's Event Control
Warning (10270): Verilog HDL Case Statement warning at easy_charlcd.v(248): incomplete case statement has no default case item
Warning (10235): Verilog HDL Always Construct warning at easy_charlcd.v(268): variable "mode_seta2" is read inside the Always Construct but isn't in the Always Construct's Event Control
Warning (10235): Verilog HDL Always Construct warning at easy_charlcd.v(269): variable "mode_wr2nd" is read inside the Always Construct but isn't in the Always Construct's Event Control
Warning (10235): Verilog HDL Always Construct warning at easy_charlcd.v(272): variable "reg_e" is read inside the Always Construct but isn't in the Always Construct's Event Control
Warning (10235): Verilog HDL Always Construct warning at easy_charlcd.v(273): variable "reg_e" is read inside the Always Construct but isn't in the Always Construct's Event Control
Warning (10235): Verilog HDL Always Construct warning at easy_charlcd.v(274): variable "reg_e" is read inside the Always Construct but isn't in the Always Construct's Event Control
Warning (10235): Verilog HDL Always Construct warning at easy_charlcd.v(275): variable "reg_e" is read inside the Always Construct but isn't in the Always Construct's Event Control
Warning (10235): Verilog HDL Always Construct warning at easy_charlcd.v(276): variable "reg_f" is read inside the Always Construct but isn't in the Always Construct's Event Control
Warning (10235): Verilog HDL Always Construct warning at easy_charlcd.v(277): variable "reg_f" is read inside the Always Construct but isn't in the Always Construct's Event Control
Warning (10235): Verilog HDL Always Construct warning at easy_charlcd.v(278): variable "reg_f" is read inside the Always Construct but isn't in the Always Construct's Event Control
Warning (10235): Verilog HDL Always Construct warning at easy_charlcd.v(279): variable "reg_f" is read inside the Always Construct but isn't in the Always Construct's Event Control
Warning (10235): Verilog HDL Always Construct warning at easy_charlcd.v(280): variable "reg_g" is read inside the Always Construct but isn't in the Always Construct's Event Control
Warning (10235): Verilog HDL Always Construct warning at easy_charlcd.v(281): variable "reg_g" is read inside the Always Construct but isn't in the Always Construct's Event Control
Warning (10235): Verilog HDL Always Construct warning at easy_charlcd.v(282): variable "reg_g" is read inside the Always Construct but isn't in the Always Construct's Event Control
Warning (10235): Verilog HDL Always Construct warning at easy_charlcd.v(283): variable "reg_g" is read inside the Always Construct but isn't in the Always Construct's Event Control
Warning (10235): Verilog HDL Always Construct warning at easy_charlcd.v(284): variable "reg_h" is read inside the Always Construct but isn't in the Always Construct's Event Control
Warning (10235): Verilog HDL Always Construct warning at easy_charlcd.v(285): variable "reg_h" is read inside the Always Construct but isn't in the Always Construct's Event Control
Warning (10235): Verilog HDL Always Construct warning at easy_charlcd.v(286): variable "reg_h" is read inside the Always Construct but isn't in the Always Construct's Event Control
Warning (10235): Verilog HDL Always Construct warning at easy_charlcd.v(287): variable "reg_h" is read inside the Always Construct but isn't in the Always Construct's Event Control
Warning (10270): Verilog HDL Case Statement warning at easy_charlcd.v(271): incomplete case statement has no default case item
Warning (10235): Verilog HDL Always Construct warning at easy_charlcd.v(291): variable "mode_delay" is read inside the Always Construct but isn't in the Always Construct's Event Control
Warning (10235): Verilog HDL Always Construct warning at easy_charlcd.v(292): variable "mode_actcm" is read inside the Always Construct but isn't in the Always Construct's Event Control
Warning (10240): Verilog HDL Always Construct warning at easy_charlcd.v(232): inferring latch(es) for variable "set_data", which holds its previous value in one or more paths through the always construct
Info (10041): Inferred latch for "set_data[0]" at easy_charlcd.v(232)
Info (10041): Inferred latch for "set_data[1]" at easy_charlcd.v(232)
Info (10041): Inferred latch for "set_data[2]" at easy_charlcd.v(232)
Info (10041): Inferred latch for "set_data[3]" at easy_charlcd.v(232)
Info (10041): Inferred latch for "set_data[4]" at easy_charlcd.v(232)
Info (10041): Inferred latch for "set_data[5]" at easy_charlcd.v(232)
Info (10041): Inferred latch for "set_data[6]" at easy_charlcd.v(232)
Info (10041): Inferred latch for "set_data[7]" at easy_charlcd.v(232)
Info (10041): Inferred latch for "set_data[8]" at easy_charlcd.v(232)
Info (10041): Inferred latch for "set_data[9]" at easy_charlcd.v(232)
Warning (13012): Latch set_data[9] has unsafe behavior
    Warning (13013): Ports D and ENA on the latch are fed by the same signal WideOr0
Warning (13012): Latch set_data[0] has unsafe behavior
    Warning (13013): Ports D and ENA on the latch are fed by the same signal lcd_mode.00110
Warning (13012): Latch set_data[1] has unsafe behavior
    Warning (13013): Ports D and ENA on the latch are fed by the same signal lcd_mode.00011
Warning (13012): Latch set_data[2] has unsafe behavior
    Warning (13013): Ports D and ENA on the latch are fed by the same signal lcd_mode.00011
Warning (13012): Latch set_data[3] has unsafe behavior
    Warning (13013): Ports D and ENA on the latch are fed by the same signal lcd_mode.00001
Warning (13012): Latch set_data[4] has unsafe behavior
    Warning (13013): Ports D and ENA on the latch are fed by the same signal lcd_mode.00001
Warning (13012): Latch set_data[5] has unsafe behavior
    Warning (13013): Ports D and ENA on the latch are fed by the same signal lcd_mode.00001
Warning (13012): Latch set_data[6] has unsafe behavior
    Warning (13013): Ports D and ENA on the latch are fed by the same signal lcd_mode.01001
Warning (13012): Latch set_data[7] has unsafe behavior
    Warning (13013): Ports D and ENA on the latch are fed by the same signal lcd_mode.00111
Warning (13024): Output pins are stuck at VCC or GND
    Warning (13410): Pin "lcd_rw" is stuck at GND
Info (17049): 6 registers lost all their fanouts during netlist optimizations.
Critical Warning (138069): Setting INCREMENTAL_COMPILATION to "OFF" is no longer supported. Assignment is ignored. To disable partitions, set the IGNORE_PARTITIONS global assignment to "ON" instead.
Info (16010): Generating hard_block partition "hard_block:auto_generated_inst"
    Info (16011): Adding 0 node(s), including 0 DDIO, 0 PLL, 0 transceiver and 0 LCELL
Info (21057): Implemented 186 device resources after synthesis - the final resource count might be different
    Info (21058): Implemented 2 input pins
    Info (21059): Implemented 11 output pins
    Info (21061): Implemented 173 logic cells
Info: Quartus II 32-bit Analysis & Synthesis was successful. 0 errors, 74 warnings
    Info: Peak virtual memory: 342 megabytes
    Info: Processing ended: Thu Feb 25 17:06:27 2021
    Info: Elapsed time: 00:00:03
    Info: Total CPU time (on all processors): 00:00:02


